<?xml version="1.0" encoding="UTF-8"?>
<!-- Generated by org.testng.reporters.JUnitReportReporter -->
<testsuite hostname="CPDK216" failures="0" tests="4" name="TestNG.TestNGGroup" time="0.054" errors="0" timestamp="2025-08-22T12:48:46 IST" skipped="0">
  <testcase classname="TestNG.TestNGGroup" name="f5" time="0.014"/>
  <testcase classname="TestNG.TestNGGroup" name="f1" time="0.014"/>
  <testcase classname="TestNG.TestNGGroup" name="f7" time="0.013"/>
  <testcase classname="TestNG.TestNGGroup" name="f3" time="0.013"/>
</testsuite> <!-- TestNG.TestNGGroup -->
