<?xml version="1.0" encoding="UTF-8"?>
<!-- Generated by org.testng.reporters.JUnitReportReporter -->
<testsuite hostname="CPDK216" failures="0" tests="1" name="TestNG.ReadDataFromPropertyFile" time="39.081" errors="0" timestamp="2025-08-22T14:48:25 IST" skipped="0">
  <testcase classname="TestNG.ReadDataFromPropertyFile" name="f" time="39.081"/>
</testsuite> <!-- TestNG.ReadDataFromPropertyFile -->
