<?xml version="1.0" encoding="UTF-8"?>
<!-- Generated by org.testng.reporters.JUnitReportReporter -->
<testsuite hostname="CPDK216" failures="0" tests="4" name="TestNG.AssignmentDataprovider" time="66.786" errors="0" timestamp="2025-08-22T10:51:31 IST" skipped="0">
  <testcase classname="TestNG.AssignmentDataprovider" name="f" time="17.069"/>
  <testcase classname="TestNG.AssignmentDataprovider" name="f" time="16.516"/>
  <testcase classname="TestNG.AssignmentDataprovider" name="login" time="16.477"/>
  <testcase classname="TestNG.AssignmentDataprovider" name="login" time="16.724"/>
</testsuite> <!-- TestNG.AssignmentDataprovider -->
