<?xml version="1.0" encoding="UTF-8"?>
<!-- Generated by org.testng.reporters.JUnitReportReporter -->
<testsuite hostname="CPDK216" failures="0" tests="1" name="TestNG.Parametrization" time="0.303" errors="0" timestamp="2025-08-21T13:26:15 IST" skipped="0">
  <testcase classname="TestNG.Parametrization" name="f" time="0.303"/>
</testsuite> <!-- TestNG.Parametrization -->
