<?xml version="1.0" encoding="UTF-8"?>
<!-- Generated by org.testng.reporters.JUnitReportReporter -->
<testsuite hostname="CPDK216" failures="0" tests="5" name="TestNG.PriorityInTestNG" time="0.012" errors="0" timestamp="2025-08-21T12:50:36 IST" skipped="1">
  <testcase classname="TestNG.PriorityInTestNG" name="A" time="0.002"/>
  <testcase classname="TestNG.PriorityInTestNG" name="B" time="0.002">
    <skipped/>
  </testcase> <!-- B -->
  <testcase classname="TestNG.PriorityInTestNG" name="D" time="0.003"/>
  <testcase classname="TestNG.PriorityInTestNG" name="E" time="0.001"/>
  <testcase classname="TestNG.PriorityInTestNG" name="first" time="0.004"/>
</testsuite> <!-- TestNG.PriorityInTestNG -->
