<?xml version="1.0" encoding="UTF-8"?>
<!-- Generated by org.testng.reporters.JUnitReportReporter -->
<testsuite hostname="CPDK216" failures="0" tests="1" name="TestNG.CrossBrowser" time="19.160" errors="0" timestamp="2025-08-22T11:57:01 IST" skipped="0">
  <testcase classname="TestNG.CrossBrowser" name="inputs" time="19.160"/>
</testsuite> <!-- TestNG.CrossBrowser -->
