<?xml version="1.0" encoding="UTF-8"?>
<!-- Generated by org.testng.reporters.JUnitReportReporter -->
<testsuite hostname="CPDK216" failures="0" tests="1" name="TestNG.NewTest" time="0.012" errors="0" timestamp="2025-08-22T11:23:10 IST" skipped="0">
  <testcase classname="TestNG.NewTest" name="f" time="0.012"/>
</testsuite> <!-- TestNG.NewTest -->
