<?xml version="1.0" encoding="UTF-8"?>
<!-- Generated by org.testng.reporters.JUnitReportReporter -->
<testsuite hostname="CPDK216" failures="0" tests="1" name="TestNG.Structure" time="1.455" errors="0" timestamp="2025-08-21T12:50:36 IST" skipped="0">
  <testcase classname="TestNG.Structure" name="f" time="1.455"/>
</testsuite> <!-- TestNG.Structure -->
