<?xml version="1.0" encoding="UTF-8"?>
<!-- Generated by org.testng.reporters.JUnitReportReporter -->
<testsuite hostname="CPDK216" failures="0" tests="2" name="TestNG.ValidInvalid" time="6.437" errors="0" timestamp="2025-08-21T12:50:36 IST" skipped="0">
  <testcase classname="TestNG.ValidInvalid" name="valid" time="3.216"/>
  <testcase classname="TestNG.ValidInvalid" name="invalid" time="3.221"/>
</testsuite> <!-- TestNG.ValidInvalid -->
