<?xml version="1.0" encoding="UTF-8"?>
<!-- Generated by org.testng.reporters.JUnitReportReporter -->
<testsuite hostname="CPDK216" failures="0" tests="6" name="TestNG.DataProviderLearn" time="104.349" errors="0" timestamp="2025-08-22T10:30:10 IST" skipped="0">
  <testcase classname="TestNG.DataProviderLearn" name="Login" time="17.156"/>
  <testcase classname="TestNG.DataProviderLearn" name="Login" time="16.041"/>
  <testcase classname="TestNG.DataProviderLearn" name="Login" time="19.138"/>
  <testcase classname="TestNG.DataProviderLearn" name="Login" time="17.032"/>
  <testcase classname="TestNG.DataProviderLearn" name="Login" time="16.601"/>
  <testcase classname="TestNG.DataProviderLearn" name="Login" time="18.381"/>
</testsuite> <!-- TestNG.DataProviderLearn -->
