<?xml version="1.0" encoding="UTF-8"?>
<!-- Generated by org.testng.reporters.JUnitReportReporter -->
<testsuite hostname="CPDK216" failures="0" tests="1" name="TestNG.ParallelExecution" time="16.781" errors="0" timestamp="2025-08-22T12:53:53 IST" skipped="0">
  <testcase classname="TestNG.ParallelExecution" name="loginChrome" time="16.781"/>
</testsuite> <!-- TestNG.ParallelExecution -->
