<?xml version="1.0" encoding="UTF-8"?>
<!-- Generated by org.testng.reporters.JUnitReportReporter -->
<testsuite hostname="CPDK216" failures="0" tests="1" name="test.NewTest" time="0.012" errors="0" timestamp="2025-08-25T13:18:48 IST" skipped="0">
  <testcase classname="test.NewTest" name="f" time="0.012"/>
</testsuite> <!-- test.NewTest -->
