<?xml version="1.0" encoding="UTF-8"?>
<!-- Generated by org.testng.reporters.JUnitReportReporter -->
<testsuite hostname="CPDK216" failures="0" tests="1" name="test.RunHRM" time="14.783" errors="0" timestamp="2025-08-25T13:19:28 IST" skipped="0">
  <testcase classname="test.RunHRM" name="run" time="14.783"/>
</testsuite> <!-- test.RunHRM -->
