<?xml version="1.0" encoding="UTF-8"?>
<!-- Generated by org.testng.reporters.JUnitReportReporter -->
<testsuite hostname="CPDK216" failures="0" tests="1" name="Task.LoginForm" time="46.292" errors="0" timestamp="2025-08-29T09:42:39 IST" skipped="0">
  <testcase classname="Task.LoginForm" name="login" time="46.292"/>
</testsuite> <!-- Task.LoginForm -->
