<?xml version="1.0" encoding="UTF-8"?>
<!-- Generated by org.testng.reporters.JUnitReportReporter -->
<testsuite hostname="CPDK216" failures="0" tests="1" name="Task.Login" time="45.764" errors="0" timestamp="2025-08-28T18:40:46 IST" skipped="0">
  <testcase classname="Task.Login" name="login" time="45.764"/>
</testsuite> <!-- Task.Login -->
